<?xml version="1.0" encoding="UTF-8"?>
<testng-results skipped="0" failed="0" ignored="0" total="1" passed="1">
  <reporter-output>
    <line>
      <![CDATA[Row count: 1]]>
    </line>
    <line>
      <![CDATA[Username: admin12]]>
    </line>
    <line>
      <![CDATA[Password: adm345]]>
    </line>
    <line>
      <![CDATA[Test testInvalidLogin is Pass]]>
    </line>
  </reporter-output>
  <suite name="Default suite" duration-ms="15600" started-at="2020-12-20T20:06:18 IST" finished-at="2020-12-20T20:06:34 IST">
    <groups>
    </groups>
    <test name="Default test" duration-ms="15600" started-at="2020-12-20T20:06:18 IST" finished-at="2020-12-20T20:06:34 IST">
      <class name="com.app.actTime.Testscripts.InvalidLogin">
        <test-method status="PASS" signature="setupReport()[pri:0, instance:com.app.actTime.Testscripts.InvalidLogin@53f65459]" name="setupReport" is-config="true" duration-ms="293" started-at="2020-12-20T20:06:18 IST" finished-at="2020-12-20T20:06:18 IST">
          <reporter-output>
          </reporter-output>
        </test-method> <!-- setupReport -->
        <test-method status="PASS" signature="openApp()[pri:0, instance:com.app.actTime.Testscripts.InvalidLogin@53f65459]" name="openApp" is-config="true" duration-ms="10018" started-at="2020-12-20T20:06:18 IST" finished-at="2020-12-20T20:06:28 IST">
          <reporter-output>
          </reporter-output>
        </test-method> <!-- openApp -->
        <test-method status="PASS" signature="testInvalidLogin()[pri:0, instance:com.app.actTime.Testscripts.InvalidLogin@53f65459]" name="testInvalidLogin" duration-ms="5519" started-at="2020-12-20T20:06:28 IST" finished-at="2020-12-20T20:06:34 IST">
          <reporter-output>
            <line>
              <![CDATA[Row count: 1]]>
            </line>
            <line>
              <![CDATA[Username: admin12]]>
            </line>
            <line>
              <![CDATA[Password: adm345]]>
            </line>
          </reporter-output>
        </test-method> <!-- testInvalidLogin -->
        <test-method status="PASS" signature="closeApp2(org.testng.ITestResult)[pri:0, instance:com.app.actTime.Testscripts.InvalidLogin@53f65459]" name="closeApp2" is-config="true" duration-ms="6" started-at="2020-12-20T20:06:34 IST" finished-at="2020-12-20T20:06:34 IST">
          <params>
            <param index="0">
              <value>
                <![CDATA[[TestResult name=testInvalidLogin status=SUCCESS method=InvalidLogin.testInvalidLogin()[pri:0, instance:com.app.actTime.Testscripts.InvalidLogin@53f65459] output=Row count: 1]]]>
              </value>
            </param>
          </params>
          <reporter-output>
            <line>
              <![CDATA[Test testInvalidLogin is Pass]]>
            </line>
          </reporter-output>
        </test-method> <!-- closeApp2 -->
      </class> <!-- com.app.actTime.Testscripts.InvalidLogin -->
    </test> <!-- Default test -->
  </suite> <!-- Default suite -->
</testng-results>
